2021-04-15 00:04:17.768  INFO 6464 --- [restartedMain] c.m.a.AccountserviceApplication          : Starting AccountserviceApplication using Java 1.8.0_201 on WINCTRL-2RFE763 with PID 6464 (C:\Users\Admin\Desktop\ModularBank\accountservice\accountservice\target\classes started by Admin in C:\Users\Admin\Desktop\ModularBank\accountservice\accountservice)
2021-04-15 00:04:17.781  INFO 6464 --- [restartedMain] c.m.a.AccountserviceApplication          : No active profile set, falling back to default profiles: default
2021-04-15 00:04:17.948  INFO 6464 --- [restartedMain] .e.DevToolsPropertyDefaultsPostProcessor : Devtools property defaults active! Set 'spring.devtools.add-properties' to 'false' to disable
2021-04-15 00:04:17.949  INFO 6464 --- [restartedMain] .e.DevToolsPropertyDefaultsPostProcessor : For additional web related logging consider setting the 'logging.level.web' property to 'DEBUG'
2021-04-15 00:04:18.951  WARN 6464 --- [restartedMain] o.m.s.mapper.ClassPathMapperScanner      : No MyBatis mapper was found in '[com.mybank.reportingservice.db.model]' package. Please check your configuration.
2021-04-15 00:04:19.781  INFO 6464 --- [restartedMain] o.s.b.w.embedded.tomcat.TomcatWebServer  : Tomcat initialized with port(s): 8081 (http)
2021-04-15 00:04:19.796  INFO 6464 --- [restartedMain] o.apache.catalina.core.StandardService   : Starting service [Tomcat]
2021-04-15 00:04:19.797  INFO 6464 --- [restartedMain] org.apache.catalina.core.StandardEngine  : Starting Servlet engine: [Apache Tomcat/9.0.44]
2021-04-15 00:04:19.907  INFO 6464 --- [restartedMain] o.a.c.c.C.[Tomcat].[localhost].[/]       : Initializing Spring embedded WebApplicationContext
2021-04-15 00:04:19.908  INFO 6464 --- [restartedMain] w.s.c.ServletWebServerApplicationContext : Root WebApplicationContext: initialization completed in 1958 ms
2021-04-15 00:04:20.470  INFO 6464 --- [restartedMain] o.s.j.d.e.EmbeddedDatabaseFactory        : Starting embedded database: url='jdbc:h2:mem:testdb;DB_CLOSE_DELAY=-1;DB_CLOSE_ON_EXIT=false', username='sa'
2021-04-15 00:04:21.126  INFO 6464 --- [restartedMain] o.s.s.concurrent.ThreadPoolTaskExecutor  : Initializing ExecutorService 'applicationTaskExecutor'
2021-04-15 00:04:21.482  INFO 6464 --- [restartedMain] o.s.b.d.a.OptionalLiveReloadServer       : LiveReload server is running on port 35729
2021-04-15 00:04:21.526  INFO 6464 --- [restartedMain] o.s.b.w.embedded.tomcat.TomcatWebServer  : Tomcat started on port(s): 8081 (http) with context path ''
2021-04-15 00:04:21.549  INFO 6464 --- [restartedMain] c.m.a.AccountserviceApplication          : Started AccountserviceApplication in 4.422 seconds (JVM running for 5.219)
2021-04-15 00:04:21.555  INFO 6464 --- [restartedMain] c.m.a.AccountserviceApplication          : *************Started************
2021-04-15 00:04:27.218  INFO 6464 --- [http-nio-8081-exec-1] o.a.c.c.C.[Tomcat].[localhost].[/]       : Initializing Spring DispatcherServlet 'dispatcherServlet'
2021-04-15 00:04:27.218  INFO 6464 --- [http-nio-8081-exec-1] o.s.web.servlet.DispatcherServlet        : Initializing Servlet 'dispatcherServlet'
2021-04-15 00:04:27.219  INFO 6464 --- [http-nio-8081-exec-1] o.s.web.servlet.DispatcherServlet        : Completed initialization in 0 ms
2021-04-15 00:04:27.251  INFO 6464 --- [http-nio-8081-exec-1] c.m.a.controller.AccountController       : Pushing Message
2021-04-15 00:04:27.331  INFO 6464 --- [http-nio-8081-exec-1] o.s.a.r.c.CachingConnectionFactory       : Attempting to connect to: [127.0.0.1:5672]
2021-04-15 00:04:27.414  INFO 6464 --- [http-nio-8081-exec-1] o.s.a.r.c.CachingConnectionFactory       : Created new connection: rabbitConnectionFactory#181015c:0/SimpleConnection@228c71 [delegate=amqp://guest@127.0.0.1:5672/, localPort= 65263]
2021-04-15 00:04:27.422  INFO 6464 --- [http-nio-8081-exec-1] o.s.amqp.rabbit.core.RabbitAdmin         : Auto-declaring a non-durable, auto-delete, or exclusive Queue (myTestQueue) durable:false, auto-delete:false, exclusive:false. It will be redeclared if the broker stops and is restarted while the connection factory is alive, but all messages will be lost.
2021-04-15 00:04:27.552  INFO 6464 --- [http-nio-8081-exec-1] c.m.a.controller.AccountController       : FEtching from DATA :AccountDetail(accountNumber=CITI123456, description=Saving account, customerId=1, accountType=INDIVIDUAL, openedOn=Sat May 03 00:00:00 IST 2003, openedByBranch=Bajaj Nagar, balance=55555.33)
2021-04-15 00:04:27.557  INFO 6464 --- [http-nio-8081-exec-1] c.m.a.controller.AccountController       : FEtching from LIST DATA :[AccountDetail(accountNumber=CITI123456, description=Saving account, customerId=1, accountType=INDIVIDUAL, openedOn=Sat May 03 00:00:00 IST 2003, openedByBranch=Bajaj Nagar, balance=55555.33), AccountDetail(accountNumber=CITI123457, description=Fixed Deposit, customerId=1, accountType=CERTIFICATE_OF_DEPOSIT, openedOn=Sun Jan 03 00:00:00 IST 2021, openedByBranch=Bajaj Nagar, balance=99999.33)]
2021-04-15 00:04:27.564  INFO 6464 --- [http-nio-8081-exec-1] c.m.a.controller.AccountController       : FEtching from Customer Details DATA :CustomerDetails(customerId=1, name=Lalit Kachhwah, emailId=lalitkkachhwah@gmail.co, dob=Thu Jun 01 00:00:00 IST 1989, gender=MALE, accounts=[AccountDetail(accountNumber=CITI123456, description=Saving account, customerId=1, accountType=INDIVIDUAL, openedOn=Sat May 03 00:00:00 IST 2003, openedByBranch=Bajaj Nagar, balance=55555.33), AccountDetail(accountNumber=CITI123457, description=Fixed Deposit, customerId=1, accountType=CERTIFICATE_OF_DEPOSIT, openedOn=Sun Jan 03 00:00:00 IST 2021, openedByBranch=Bajaj Nagar, balance=99999.33)], transactions=[TrasnsactionDetails(transactionId=T1, customerId=1, accountNumber=CITI123456, transactionType=DEBIT, description=REpayment of loan, trasactionDate=Sat Jan 02 00:00:00 IST 2021, amount=50.33, status=SUCCESS), TrasnsactionDetails(transactionId=T2, customerId=1, accountNumber=CITI123457, transactionType=CREDIT, description=Shopping, trasactionDate=Sat Jan 02 00:00:00 IST 2021, amount=100.33, status=SUCCESS)])
2021-04-15 00:04:27.565  INFO 6464 --- [http-nio-8081-exec-1] c.m.a.controller.AccountController       : INSERT  Customer Details
2021-04-15 00:04:27.567  INFO 6464 --- [http-nio-8081-exec-1] c.m.a.controller.AccountController       : INSERT  Account Details
2021-04-15 00:12:27.017  INFO 6072 --- [restartedMain] c.m.a.AccountserviceApplication          : Starting AccountserviceApplication using Java 1.8.0_201 on WINCTRL-2RFE763 with PID 6072 (C:\Users\Admin\Desktop\ModularBank\accountservice\accountservice\target\classes started by Admin in C:\Users\Admin\Desktop\ModularBank\accountservice\accountservice)
2021-04-15 00:12:27.021  INFO 6072 --- [restartedMain] c.m.a.AccountserviceApplication          : No active profile set, falling back to default profiles: default
2021-04-15 00:12:27.124  INFO 6072 --- [restartedMain] .e.DevToolsPropertyDefaultsPostProcessor : Devtools property defaults active! Set 'spring.devtools.add-properties' to 'false' to disable
2021-04-15 00:12:27.125  INFO 6072 --- [restartedMain] .e.DevToolsPropertyDefaultsPostProcessor : For additional web related logging consider setting the 'logging.level.web' property to 'DEBUG'
2021-04-15 00:12:28.080  WARN 6072 --- [restartedMain] o.m.s.mapper.ClassPathMapperScanner      : No MyBatis mapper was found in '[com.mybank.reportingservice.db.model]' package. Please check your configuration.
2021-04-15 00:12:28.879  INFO 6072 --- [restartedMain] o.s.b.w.embedded.tomcat.TomcatWebServer  : Tomcat initialized with port(s): 8081 (http)
2021-04-15 00:12:28.896  INFO 6072 --- [restartedMain] o.apache.catalina.core.StandardService   : Starting service [Tomcat]
2021-04-15 00:12:28.896  INFO 6072 --- [restartedMain] org.apache.catalina.core.StandardEngine  : Starting Servlet engine: [Apache Tomcat/9.0.44]
2021-04-15 00:12:29.003  INFO 6072 --- [restartedMain] o.a.c.c.C.[Tomcat].[localhost].[/]       : Initializing Spring embedded WebApplicationContext
2021-04-15 00:12:29.003  INFO 6072 --- [restartedMain] w.s.c.ServletWebServerApplicationContext : Root WebApplicationContext: initialization completed in 1877 ms
2021-04-15 00:12:29.559  INFO 6072 --- [restartedMain] o.s.j.d.e.EmbeddedDatabaseFactory        : Starting embedded database: url='jdbc:h2:mem:testdb;DB_CLOSE_DELAY=-1;DB_CLOSE_ON_EXIT=false', username='sa'
2021-04-15 00:12:30.218  INFO 6072 --- [restartedMain] o.s.s.concurrent.ThreadPoolTaskExecutor  : Initializing ExecutorService 'applicationTaskExecutor'
2021-04-15 00:12:30.563  INFO 6072 --- [restartedMain] o.s.b.d.a.OptionalLiveReloadServer       : LiveReload server is running on port 35729
2021-04-15 00:12:30.613  INFO 6072 --- [restartedMain] o.s.b.w.embedded.tomcat.TomcatWebServer  : Tomcat started on port(s): 8081 (http) with context path ''
2021-04-15 00:12:30.637  INFO 6072 --- [restartedMain] c.m.a.AccountserviceApplication          : Started AccountserviceApplication in 4.273 seconds (JVM running for 5.013)
2021-04-15 00:12:30.643  INFO 6072 --- [restartedMain] c.m.a.AccountserviceApplication          : *************Started************
2021-04-15 00:12:36.847  INFO 6072 --- [http-nio-8081-exec-1] o.a.c.c.C.[Tomcat].[localhost].[/]       : Initializing Spring DispatcherServlet 'dispatcherServlet'
2021-04-15 00:12:36.848  INFO 6072 --- [http-nio-8081-exec-1] o.s.web.servlet.DispatcherServlet        : Initializing Servlet 'dispatcherServlet'
2021-04-15 00:12:36.849  INFO 6072 --- [http-nio-8081-exec-1] o.s.web.servlet.DispatcherServlet        : Completed initialization in 1 ms
2021-04-15 00:12:36.880  INFO 6072 --- [http-nio-8081-exec-1] c.m.a.controller.AccountController       : Pushing Message
2021-04-15 00:12:36.953  INFO 6072 --- [http-nio-8081-exec-1] o.s.a.r.c.CachingConnectionFactory       : Attempting to connect to: [127.0.0.1:5672]
2021-04-15 00:12:37.079  INFO 6072 --- [http-nio-8081-exec-1] o.s.a.r.c.CachingConnectionFactory       : Created new connection: rabbitConnectionFactory#14c7bc1:0/SimpleConnection@10e0ead [delegate=amqp://guest@127.0.0.1:5672/, localPort= 65332]
2021-04-15 00:12:37.085  INFO 6072 --- [http-nio-8081-exec-1] o.s.amqp.rabbit.core.RabbitAdmin         : Auto-declaring a non-durable, auto-delete, or exclusive Queue (myTestQueue) durable:false, auto-delete:false, exclusive:false. It will be redeclared if the broker stops and is restarted while the connection factory is alive, but all messages will be lost.
2021-04-15 00:12:37.206  INFO 6072 --- [http-nio-8081-exec-1] c.m.a.controller.AccountController       : FEtching from DATA :AccountDetail(accountNumber=CITI123456, description=Saving account, customerId=1, accountType=INDIVIDUAL, openedOn=Sat May 03 00:00:00 IST 2003, openedByBranch=Bajaj Nagar, balance=55555.33)
2021-04-15 00:12:37.210  INFO 6072 --- [http-nio-8081-exec-1] c.m.a.controller.AccountController       : FEtching from LIST DATA :[AccountDetail(accountNumber=CITI123456, description=Saving account, customerId=1, accountType=INDIVIDUAL, openedOn=Sat May 03 00:00:00 IST 2003, openedByBranch=Bajaj Nagar, balance=55555.33), AccountDetail(accountNumber=CITI123457, description=Fixed Deposit, customerId=1, accountType=CERTIFICATE_OF_DEPOSIT, openedOn=Sun Jan 03 00:00:00 IST 2021, openedByBranch=Bajaj Nagar, balance=99999.33)]
2021-04-15 00:12:37.216  INFO 6072 --- [http-nio-8081-exec-1] c.m.a.controller.AccountController       : FEtching from Customer Details DATA :CustomerDetails(customerId=1, name=Lalit Kachhwah, emailId=lalitkkachhwah@gmail.co, dob=Thu Jun 01 00:00:00 IST 1989, gender=MALE, accounts=[AccountDetail(accountNumber=CITI123456, description=Saving account, customerId=1, accountType=INDIVIDUAL, openedOn=Sat May 03 00:00:00 IST 2003, openedByBranch=Bajaj Nagar, balance=55555.33), AccountDetail(accountNumber=CITI123457, description=Fixed Deposit, customerId=1, accountType=CERTIFICATE_OF_DEPOSIT, openedOn=Sun Jan 03 00:00:00 IST 2021, openedByBranch=Bajaj Nagar, balance=99999.33)], transactions=[TrasnsactionDetails(transactionId=T1, customerId=1, accountNumber=CITI123456, transactionType=DEBIT, description=REpayment of loan, trasactionDate=Sat Jan 02 00:00:00 IST 2021, amount=50.33, status=SUCCESS), TrasnsactionDetails(transactionId=T2, customerId=1, accountNumber=CITI123457, transactionType=CREDIT, description=Shopping, trasactionDate=Sat Jan 02 00:00:00 IST 2021, amount=100.33, status=SUCCESS)])
2021-04-15 00:12:37.216  INFO 6072 --- [http-nio-8081-exec-1] c.m.a.controller.AccountController       : INSERT  Customer Details
2021-04-15 00:12:37.219  INFO 6072 --- [http-nio-8081-exec-1] c.m.a.controller.AccountController       : INSERT  Account Details
2021-04-15 00:12:37.221  INFO 6072 --- [http-nio-8081-exec-1] c.m.a.controller.AccountController       : INSERT  Transaction Details
2021-04-15 00:12:37.231 ERROR 6072 --- [http-nio-8081-exec-1] o.a.c.c.C.[.[.[/].[dispatcherServlet]    : Servlet.service() for servlet [dispatcherServlet] in context with path [] threw exception [Request processing failed; nested exception is java.lang.NullPointerException: trasactionDate is marked @NonNull but is null] with root cause

java.lang.NullPointerException: trasactionDate is marked @NonNull but is null
	at com.mybank.accountservice.db.model.TrasnsactionDetails.<init>(TrasnsactionDetails.java:16) ~[classes/:na]
	at com.mybank.accountservice.db.model.TrasnsactionDetails$TrasnsactionDetailsBuilder.build(TrasnsactionDetails.java:19) ~[classes/:na]
	at com.mybank.accountservice.controller.AccountController.account(AccountController.java:69) ~[classes/:na]
	at sun.reflect.NativeMethodAccessorImpl.invoke0(Native Method) ~[na:1.8.0_201]
	at sun.reflect.NativeMethodAccessorImpl.invoke(Unknown Source) ~[na:1.8.0_201]
	at sun.reflect.DelegatingMethodAccessorImpl.invoke(Unknown Source) ~[na:1.8.0_201]
	at java.lang.reflect.Method.invoke(Unknown Source) ~[na:1.8.0_201]
	at org.springframework.web.method.support.InvocableHandlerMethod.doInvoke(InvocableHandlerMethod.java:197) ~[spring-web-5.3.5.jar:5.3.5]
	at org.springframework.web.method.support.InvocableHandlerMethod.invokeForRequest(InvocableHandlerMethod.java:141) ~[spring-web-5.3.5.jar:5.3.5]
	at org.springframework.web.servlet.mvc.method.annotation.ServletInvocableHandlerMethod.invokeAndHandle(ServletInvocableHandlerMethod.java:106) ~[spring-webmvc-5.3.5.jar:5.3.5]
	at org.springframework.web.servlet.mvc.method.annotation.RequestMappingHandlerAdapter.invokeHandlerMethod(RequestMappingHandlerAdapter.java:894) ~[spring-webmvc-5.3.5.jar:5.3.5]
	at org.springframework.web.servlet.mvc.method.annotation.RequestMappingHandlerAdapter.handleInternal(RequestMappingHandlerAdapter.java:808) ~[spring-webmvc-5.3.5.jar:5.3.5]
	at org.springframework.web.servlet.mvc.method.AbstractHandlerMethodAdapter.handle(AbstractHandlerMethodAdapter.java:87) ~[spring-webmvc-5.3.5.jar:5.3.5]
	at org.springframework.web.servlet.DispatcherServlet.doDispatch(DispatcherServlet.java:1060) ~[spring-webmvc-5.3.5.jar:5.3.5]
	at org.springframework.web.servlet.DispatcherServlet.doService(DispatcherServlet.java:962) ~[spring-webmvc-5.3.5.jar:5.3.5]
	at org.springframework.web.servlet.FrameworkServlet.processRequest(FrameworkServlet.java:1006) ~[spring-webmvc-5.3.5.jar:5.3.5]
	at org.springframework.web.servlet.FrameworkServlet.doGet(FrameworkServlet.java:898) ~[spring-webmvc-5.3.5.jar:5.3.5]
	at javax.servlet.http.HttpServlet.service(HttpServlet.java:626) ~[tomcat-embed-core-9.0.44.jar:4.0.FR]
	at org.springframework.web.servlet.FrameworkServlet.service(FrameworkServlet.java:883) ~[spring-webmvc-5.3.5.jar:5.3.5]
	at javax.servlet.http.HttpServlet.service(HttpServlet.java:733) ~[tomcat-embed-core-9.0.44.jar:4.0.FR]
	at org.apache.catalina.core.ApplicationFilterChain.internalDoFilter(ApplicationFilterChain.java:227) ~[tomcat-embed-core-9.0.44.jar:9.0.44]
	at org.apache.catalina.core.ApplicationFilterChain.doFilter(ApplicationFilterChain.java:162) ~[tomcat-embed-core-9.0.44.jar:9.0.44]
	at org.apache.tomcat.websocket.server.WsFilter.doFilter(WsFilter.java:53) ~[tomcat-embed-websocket-9.0.44.jar:9.0.44]
	at org.apache.catalina.core.ApplicationFilterChain.internalDoFilter(ApplicationFilterChain.java:189) ~[tomcat-embed-core-9.0.44.jar:9.0.44]
	at org.apache.catalina.core.ApplicationFilterChain.doFilter(ApplicationFilterChain.java:162) ~[tomcat-embed-core-9.0.44.jar:9.0.44]
	at org.springframework.web.filter.RequestContextFilter.doFilterInternal(RequestContextFilter.java:100) ~[spring-web-5.3.5.jar:5.3.5]
	at org.springframework.web.filter.OncePerRequestFilter.doFilter(OncePerRequestFilter.java:119) ~[spring-web-5.3.5.jar:5.3.5]
	at org.apache.catalina.core.ApplicationFilterChain.internalDoFilter(ApplicationFilterChain.java:189) ~[tomcat-embed-core-9.0.44.jar:9.0.44]
	at org.apache.catalina.core.ApplicationFilterChain.doFilter(ApplicationFilterChain.java:162) ~[tomcat-embed-core-9.0.44.jar:9.0.44]
	at org.springframework.web.filter.FormContentFilter.doFilterInternal(FormContentFilter.java:93) ~[spring-web-5.3.5.jar:5.3.5]
	at org.springframework.web.filter.OncePerRequestFilter.doFilter(OncePerRequestFilter.java:119) ~[spring-web-5.3.5.jar:5.3.5]
	at org.apache.catalina.core.ApplicationFilterChain.internalDoFilter(ApplicationFilterChain.java:189) ~[tomcat-embed-core-9.0.44.jar:9.0.44]
	at org.apache.catalina.core.ApplicationFilterChain.doFilter(ApplicationFilterChain.java:162) ~[tomcat-embed-core-9.0.44.jar:9.0.44]
	at org.springframework.web.filter.CharacterEncodingFilter.doFilterInternal(CharacterEncodingFilter.java:201) ~[spring-web-5.3.5.jar:5.3.5]
	at org.springframework.web.filter.OncePerRequestFilter.doFilter(OncePerRequestFilter.java:119) ~[spring-web-5.3.5.jar:5.3.5]
	at org.apache.catalina.core.ApplicationFilterChain.internalDoFilter(ApplicationFilterChain.java:189) ~[tomcat-embed-core-9.0.44.jar:9.0.44]
	at org.apache.catalina.core.ApplicationFilterChain.doFilter(ApplicationFilterChain.java:162) ~[tomcat-embed-core-9.0.44.jar:9.0.44]
	at org.apache.catalina.core.StandardWrapperValve.invoke(StandardWrapperValve.java:202) ~[tomcat-embed-core-9.0.44.jar:9.0.44]
	at org.apache.catalina.core.StandardContextValve.invoke(StandardContextValve.java:97) [tomcat-embed-core-9.0.44.jar:9.0.44]
	at org.apache.catalina.authenticator.AuthenticatorBase.invoke(AuthenticatorBase.java:542) [tomcat-embed-core-9.0.44.jar:9.0.44]
	at org.apache.catalina.core.StandardHostValve.invoke(StandardHostValve.java:143) [tomcat-embed-core-9.0.44.jar:9.0.44]
	at org.apache.catalina.valves.ErrorReportValve.invoke(ErrorReportValve.java:92) [tomcat-embed-core-9.0.44.jar:9.0.44]
	at org.apache.catalina.core.StandardEngineValve.invoke(StandardEngineValve.java:78) [tomcat-embed-core-9.0.44.jar:9.0.44]
	at org.apache.catalina.connector.CoyoteAdapter.service(CoyoteAdapter.java:357) [tomcat-embed-core-9.0.44.jar:9.0.44]
	at org.apache.coyote.http11.Http11Processor.service(Http11Processor.java:374) [tomcat-embed-core-9.0.44.jar:9.0.44]
	at org.apache.coyote.AbstractProcessorLight.process(AbstractProcessorLight.java:65) [tomcat-embed-core-9.0.44.jar:9.0.44]
	at org.apache.coyote.AbstractProtocol$ConnectionHandler.process(AbstractProtocol.java:893) [tomcat-embed-core-9.0.44.jar:9.0.44]
	at org.apache.tomcat.util.net.NioEndpoint$SocketProcessor.doRun(NioEndpoint.java:1707) [tomcat-embed-core-9.0.44.jar:9.0.44]
	at org.apache.tomcat.util.net.SocketProcessorBase.run(SocketProcessorBase.java:49) [tomcat-embed-core-9.0.44.jar:9.0.44]
	at java.util.concurrent.ThreadPoolExecutor.runWorker(Unknown Source) [na:1.8.0_201]
	at java.util.concurrent.ThreadPoolExecutor$Worker.run(Unknown Source) [na:1.8.0_201]
	at org.apache.tomcat.util.threads.TaskThread$WrappingRunnable.run(TaskThread.java:61) [tomcat-embed-core-9.0.44.jar:9.0.44]
	at java.lang.Thread.run(Unknown Source) [na:1.8.0_201]

2021-04-15 00:13:27.084  INFO 12032 --- [restartedMain] c.m.a.AccountserviceApplication          : Starting AccountserviceApplication using Java 1.8.0_201 on WINCTRL-2RFE763 with PID 12032 (C:\Users\Admin\Desktop\ModularBank\accountservice\accountservice\target\classes started by Admin in C:\Users\Admin\Desktop\ModularBank\accountservice\accountservice)
2021-04-15 00:13:27.088  INFO 12032 --- [restartedMain] c.m.a.AccountserviceApplication          : No active profile set, falling back to default profiles: default
2021-04-15 00:13:27.208  INFO 12032 --- [restartedMain] .e.DevToolsPropertyDefaultsPostProcessor : Devtools property defaults active! Set 'spring.devtools.add-properties' to 'false' to disable
2021-04-15 00:13:27.208  INFO 12032 --- [restartedMain] .e.DevToolsPropertyDefaultsPostProcessor : For additional web related logging consider setting the 'logging.level.web' property to 'DEBUG'
2021-04-15 00:13:28.210  WARN 12032 --- [restartedMain] o.m.s.mapper.ClassPathMapperScanner      : No MyBatis mapper was found in '[com.mybank.reportingservice.db.model]' package. Please check your configuration.
2021-04-15 00:13:28.927  INFO 12032 --- [restartedMain] o.s.b.w.embedded.tomcat.TomcatWebServer  : Tomcat initialized with port(s): 8081 (http)
2021-04-15 00:13:28.943  INFO 12032 --- [restartedMain] o.apache.catalina.core.StandardService   : Starting service [Tomcat]
2021-04-15 00:13:28.944  INFO 12032 --- [restartedMain] org.apache.catalina.core.StandardEngine  : Starting Servlet engine: [Apache Tomcat/9.0.44]
2021-04-15 00:13:29.052  INFO 12032 --- [restartedMain] o.a.c.c.C.[Tomcat].[localhost].[/]       : Initializing Spring embedded WebApplicationContext
2021-04-15 00:13:29.052  INFO 12032 --- [restartedMain] w.s.c.ServletWebServerApplicationContext : Root WebApplicationContext: initialization completed in 1843 ms
2021-04-15 00:13:29.608  INFO 12032 --- [restartedMain] o.s.j.d.e.EmbeddedDatabaseFactory        : Starting embedded database: url='jdbc:h2:mem:testdb;DB_CLOSE_DELAY=-1;DB_CLOSE_ON_EXIT=false', username='sa'
2021-04-15 00:13:30.252  INFO 12032 --- [restartedMain] o.s.s.concurrent.ThreadPoolTaskExecutor  : Initializing ExecutorService 'applicationTaskExecutor'
2021-04-15 00:13:30.600  INFO 12032 --- [restartedMain] o.s.b.d.a.OptionalLiveReloadServer       : LiveReload server is running on port 35729
2021-04-15 00:13:30.645  INFO 12032 --- [restartedMain] o.s.b.w.embedded.tomcat.TomcatWebServer  : Tomcat started on port(s): 8081 (http) with context path ''
2021-04-15 00:13:30.664  INFO 12032 --- [restartedMain] c.m.a.AccountserviceApplication          : Started AccountserviceApplication in 4.266 seconds (JVM running for 4.89)
2021-04-15 00:13:30.668  INFO 12032 --- [restartedMain] c.m.a.AccountserviceApplication          : *************Started************
2021-04-15 00:13:38.541  INFO 12032 --- [http-nio-8081-exec-1] o.a.c.c.C.[Tomcat].[localhost].[/]       : Initializing Spring DispatcherServlet 'dispatcherServlet'
2021-04-15 00:13:38.542  INFO 12032 --- [http-nio-8081-exec-1] o.s.web.servlet.DispatcherServlet        : Initializing Servlet 'dispatcherServlet'
2021-04-15 00:13:38.543  INFO 12032 --- [http-nio-8081-exec-1] o.s.web.servlet.DispatcherServlet        : Completed initialization in 1 ms
2021-04-15 00:13:38.583  INFO 12032 --- [http-nio-8081-exec-1] c.m.a.controller.AccountController       : Pushing Message
2021-04-15 00:13:38.654  INFO 12032 --- [http-nio-8081-exec-1] o.s.a.r.c.CachingConnectionFactory       : Attempting to connect to: [127.0.0.1:5672]
2021-04-15 00:13:38.734  INFO 12032 --- [http-nio-8081-exec-1] o.s.a.r.c.CachingConnectionFactory       : Created new connection: rabbitConnectionFactory#1c2d99a:0/SimpleConnection@1f5035f [delegate=amqp://guest@127.0.0.1:5672/, localPort= 65343]
2021-04-15 00:13:38.740  INFO 12032 --- [http-nio-8081-exec-1] o.s.amqp.rabbit.core.RabbitAdmin         : Auto-declaring a non-durable, auto-delete, or exclusive Queue (myTestQueue) durable:false, auto-delete:false, exclusive:false. It will be redeclared if the broker stops and is restarted while the connection factory is alive, but all messages will be lost.
2021-04-15 00:13:38.858  INFO 12032 --- [http-nio-8081-exec-1] c.m.a.controller.AccountController       : FEtching from DATA :AccountDetail(accountNumber=CITI123456, description=Saving account, customerId=1, accountType=INDIVIDUAL, openedOn=Sat May 03 00:00:00 IST 2003, openedByBranch=Bajaj Nagar, balance=55555.33)
2021-04-15 00:13:38.862  INFO 12032 --- [http-nio-8081-exec-1] c.m.a.controller.AccountController       : FEtching from LIST DATA :[AccountDetail(accountNumber=CITI123456, description=Saving account, customerId=1, accountType=INDIVIDUAL, openedOn=Sat May 03 00:00:00 IST 2003, openedByBranch=Bajaj Nagar, balance=55555.33), AccountDetail(accountNumber=CITI123457, description=Fixed Deposit, customerId=1, accountType=CERTIFICATE_OF_DEPOSIT, openedOn=Sun Jan 03 00:00:00 IST 2021, openedByBranch=Bajaj Nagar, balance=99999.33)]
2021-04-15 00:13:38.868  INFO 12032 --- [http-nio-8081-exec-1] c.m.a.controller.AccountController       : FEtching from Customer Details DATA :CustomerDetails(customerId=1, name=Lalit Kachhwah, emailId=lalitkkachhwah@gmail.co, dob=Thu Jun 01 00:00:00 IST 1989, gender=MALE, accounts=[AccountDetail(accountNumber=CITI123456, description=Saving account, customerId=1, accountType=INDIVIDUAL, openedOn=Sat May 03 00:00:00 IST 2003, openedByBranch=Bajaj Nagar, balance=55555.33), AccountDetail(accountNumber=CITI123457, description=Fixed Deposit, customerId=1, accountType=CERTIFICATE_OF_DEPOSIT, openedOn=Sun Jan 03 00:00:00 IST 2021, openedByBranch=Bajaj Nagar, balance=99999.33)], transactions=[TrasnsactionDetails(transactionId=T1, customerId=1, accountNumber=CITI123456, transactionType=DEBIT, description=REpayment of loan, trasactionDate=Sat Jan 02 00:00:00 IST 2021, amount=50.33, status=SUCCESS), TrasnsactionDetails(transactionId=T2, customerId=1, accountNumber=CITI123457, transactionType=CREDIT, description=Shopping, trasactionDate=Sat Jan 02 00:00:00 IST 2021, amount=100.33, status=SUCCESS)])
2021-04-15 00:13:38.868  INFO 12032 --- [http-nio-8081-exec-1] c.m.a.controller.AccountController       : INSERT  Customer Details
2021-04-15 00:13:38.871  INFO 12032 --- [http-nio-8081-exec-1] c.m.a.controller.AccountController       : INSERT  Account Details
2021-04-15 00:13:38.873  INFO 12032 --- [http-nio-8081-exec-1] c.m.a.controller.AccountController       : INSERT  Transaction Details
2021-04-15 00:47:34.378  INFO 7556 --- [main] c.m.a.AccountserviceApplicationTests     : Starting AccountserviceApplicationTests using Java 1.8.0_201 on WINCTRL-2RFE763 with PID 7556 (started by Admin in C:\Users\Admin\Desktop\ModularBank\accountservice\accountservice)
2021-04-15 00:47:34.410  INFO 7556 --- [main] c.m.a.AccountserviceApplicationTests     : No active profile set, falling back to default profiles: default
2021-04-15 00:47:38.076  WARN 7556 --- [main] o.m.s.mapper.ClassPathMapperScanner      : No MyBatis mapper was found in '[com.mybank.reportingservice.db.model]' package. Please check your configuration.
2021-04-15 00:47:39.964  INFO 7556 --- [main] o.s.j.d.e.EmbeddedDatabaseFactory        : Starting embedded database: url='jdbc:h2:mem:testdb;DB_CLOSE_DELAY=-1;DB_CLOSE_ON_EXIT=false', username='sa'
2021-04-15 00:47:42.383  INFO 7556 --- [main] o.s.s.concurrent.ThreadPoolTaskExecutor  : Initializing ExecutorService 'applicationTaskExecutor'
2021-04-15 00:47:43.684  INFO 7556 --- [main] c.m.a.AccountserviceApplicationTests     : Started AccountserviceApplicationTests in 10.546 seconds (JVM running for 18.024)
2021-04-15 00:47:44.683  INFO 7556 --- [SpringContextShutdownHook] o.s.s.concurrent.ThreadPoolTaskExecutor  : Shutting down ExecutorService 'applicationTaskExecutor'
2021-04-15 00:49:57.515  INFO 6260 --- [restartedMain] c.m.a.AccountserviceApplication          : Starting AccountserviceApplication using Java 1.8.0_201 on WINCTRL-2RFE763 with PID 6260 (C:\Users\Admin\Desktop\ModularBank\accountservice\accountservice\target\classes started by Admin in C:\Users\Admin\Desktop\ModularBank\accountservice\accountservice)
2021-04-15 00:49:57.531  INFO 6260 --- [restartedMain] c.m.a.AccountserviceApplication          : No active profile set, falling back to default profiles: default
2021-04-15 00:49:57.640  INFO 6260 --- [restartedMain] .e.DevToolsPropertyDefaultsPostProcessor : Devtools property defaults active! Set 'spring.devtools.add-properties' to 'false' to disable
2021-04-15 00:49:57.640  INFO 6260 --- [restartedMain] .e.DevToolsPropertyDefaultsPostProcessor : For additional web related logging consider setting the 'logging.level.web' property to 'DEBUG'
2021-04-15 00:49:58.904  WARN 6260 --- [restartedMain] o.m.s.mapper.ClassPathMapperScanner      : No MyBatis mapper was found in '[com.mybank.reportingservice.db.model]' package. Please check your configuration.
2021-04-15 00:49:59.763  INFO 6260 --- [restartedMain] o.s.b.w.embedded.tomcat.TomcatWebServer  : Tomcat initialized with port(s): 8081 (http)
2021-04-15 00:49:59.778  INFO 6260 --- [restartedMain] o.apache.catalina.core.StandardService   : Starting service [Tomcat]
2021-04-15 00:49:59.778  INFO 6260 --- [restartedMain] org.apache.catalina.core.StandardEngine  : Starting Servlet engine: [Apache Tomcat/9.0.44]
2021-04-15 00:49:59.919  INFO 6260 --- [restartedMain] o.a.c.c.C.[Tomcat].[localhost].[/]       : Initializing Spring embedded WebApplicationContext
2021-04-15 00:49:59.919  INFO 6260 --- [restartedMain] w.s.c.ServletWebServerApplicationContext : Root WebApplicationContext: initialization completed in 2279 ms
2021-04-15 00:50:00.544  INFO 6260 --- [restartedMain] o.s.j.d.e.EmbeddedDatabaseFactory        : Starting embedded database: url='jdbc:h2:mem:testdb;DB_CLOSE_DELAY=-1;DB_CLOSE_ON_EXIT=false', username='sa'
2021-04-15 00:50:01.542  INFO 6260 --- [restartedMain] pertySourcedRequestMappingHandlerMapping : Mapped URL path [/v2/api-docs] onto method [springfox.documentation.swagger2.web.Swagger2Controller#getDocumentation(String, HttpServletRequest)]
2021-04-15 00:50:01.653  INFO 6260 --- [restartedMain] o.s.s.concurrent.ThreadPoolTaskExecutor  : Initializing ExecutorService 'applicationTaskExecutor'
2021-04-15 00:50:01.699  INFO 6260 --- [restartedMain] o.s.b.d.a.OptionalLiveReloadServer       : LiveReload server is running on port 35729
2021-04-15 00:50:01.965  INFO 6260 --- [restartedMain] o.s.b.w.embedded.tomcat.TomcatWebServer  : Tomcat started on port(s): 8081 (http) with context path ''
2021-04-15 00:50:01.965  INFO 6260 --- [restartedMain] d.s.w.p.DocumentationPluginsBootstrapper : Context refreshed
2021-04-15 00:50:01.996  INFO 6260 --- [restartedMain] d.s.w.p.DocumentationPluginsBootstrapper : Found 1 custom documentation plugin(s)
2021-04-15 00:50:02.043  INFO 6260 --- [restartedMain] s.d.s.w.s.ApiListingReferenceScanner     : Scanning for api listing references
2021-04-15 00:50:02.183  INFO 6260 --- [restartedMain] c.m.a.AccountserviceApplication          : Started AccountserviceApplication in 5.424 seconds (JVM running for 6.197)
2021-04-15 00:50:02.183  INFO 6260 --- [restartedMain] c.m.a.AccountserviceApplication          : *************Started************
2021-04-15 00:50:27.536  INFO 6260 --- [http-nio-8081-exec-3] o.a.c.c.C.[Tomcat].[localhost].[/]       : Initializing Spring DispatcherServlet 'dispatcherServlet'
2021-04-15 00:50:27.536  INFO 6260 --- [http-nio-8081-exec-3] o.s.web.servlet.DispatcherServlet        : Initializing Servlet 'dispatcherServlet'
2021-04-15 00:50:27.538  INFO 6260 --- [http-nio-8081-exec-3] o.s.web.servlet.DispatcherServlet        : Completed initialization in 1 ms
2021-04-15 00:55:44.397  INFO 8040 --- [restartedMain] c.m.a.AccountserviceApplication          : Starting AccountserviceApplication using Java 1.8.0_201 on WINCTRL-2RFE763 with PID 8040 (C:\Users\Admin\Desktop\ModularBank\accountservice\accountservice\target\classes started by Admin in C:\Users\Admin\Desktop\ModularBank\accountservice\accountservice)
2021-04-15 00:55:44.397  INFO 8040 --- [restartedMain] c.m.a.AccountserviceApplication          : No active profile set, falling back to default profiles: default
2021-04-15 00:55:44.506  INFO 8040 --- [restartedMain] .e.DevToolsPropertyDefaultsPostProcessor : Devtools property defaults active! Set 'spring.devtools.add-properties' to 'false' to disable
2021-04-15 00:55:44.506  INFO 8040 --- [restartedMain] .e.DevToolsPropertyDefaultsPostProcessor : For additional web related logging consider setting the 'logging.level.web' property to 'DEBUG'
2021-04-15 00:55:45.786  WARN 8040 --- [restartedMain] o.m.s.mapper.ClassPathMapperScanner      : No MyBatis mapper was found in '[com.mybank.reportingservice.db.model]' package. Please check your configuration.
2021-04-15 00:55:46.535  INFO 8040 --- [restartedMain] o.s.b.w.embedded.tomcat.TomcatWebServer  : Tomcat initialized with port(s): 8081 (http)
2021-04-15 00:55:46.551  INFO 8040 --- [restartedMain] o.apache.catalina.core.StandardService   : Starting service [Tomcat]
2021-04-15 00:55:46.551  INFO 8040 --- [restartedMain] org.apache.catalina.core.StandardEngine  : Starting Servlet engine: [Apache Tomcat/9.0.44]
2021-04-15 00:55:46.707  INFO 8040 --- [restartedMain] o.a.c.c.C.[Tomcat].[localhost].[/]       : Initializing Spring embedded WebApplicationContext
2021-04-15 00:55:46.707  INFO 8040 --- [restartedMain] w.s.c.ServletWebServerApplicationContext : Root WebApplicationContext: initialization completed in 2201 ms
2021-04-15 00:55:47.269  INFO 8040 --- [restartedMain] o.s.j.d.e.EmbeddedDatabaseFactory        : Starting embedded database: url='jdbc:h2:mem:testdb;DB_CLOSE_DELAY=-1;DB_CLOSE_ON_EXIT=false', username='sa'
2021-04-15 00:55:48.270  INFO 8040 --- [restartedMain] pertySourcedRequestMappingHandlerMapping : Mapped URL path [/v2/api-docs] onto method [springfox.documentation.swagger2.web.Swagger2Controller#getDocumentation(String, HttpServletRequest)]
2021-04-15 00:55:48.380  INFO 8040 --- [restartedMain] o.s.s.concurrent.ThreadPoolTaskExecutor  : Initializing ExecutorService 'applicationTaskExecutor'
2021-04-15 00:55:48.412  INFO 8040 --- [restartedMain] o.s.b.d.a.OptionalLiveReloadServer       : LiveReload server is running on port 35729
2021-04-15 00:55:48.661  INFO 8040 --- [restartedMain] o.s.b.w.embedded.tomcat.TomcatWebServer  : Tomcat started on port(s): 8081 (http) with context path ''
2021-04-15 00:55:48.677  INFO 8040 --- [restartedMain] d.s.w.p.DocumentationPluginsBootstrapper : Context refreshed
2021-04-15 00:55:48.693  INFO 8040 --- [restartedMain] d.s.w.p.DocumentationPluginsBootstrapper : Found 1 custom documentation plugin(s)
2021-04-15 00:55:48.755  INFO 8040 --- [restartedMain] s.d.s.w.s.ApiListingReferenceScanner     : Scanning for api listing references
2021-04-15 00:55:48.973  INFO 8040 --- [restartedMain] c.m.a.AccountserviceApplication          : Started AccountserviceApplication in 5.215 seconds (JVM running for 5.979)
2021-04-15 00:55:48.973  INFO 8040 --- [restartedMain] c.m.a.AccountserviceApplication          : *************Started************
2021-04-15 00:56:08.687  INFO 8040 --- [http-nio-8081-exec-1] o.a.c.c.C.[Tomcat].[localhost].[/]       : Initializing Spring DispatcherServlet 'dispatcherServlet'
2021-04-15 00:56:08.688  INFO 8040 --- [http-nio-8081-exec-1] o.s.web.servlet.DispatcherServlet        : Initializing Servlet 'dispatcherServlet'
2021-04-15 00:56:08.690  INFO 8040 --- [http-nio-8081-exec-1] o.s.web.servlet.DispatcherServlet        : Completed initialization in 1 ms
2021-04-15 00:56:31.950  INFO 8040 --- [http-nio-8081-exec-1] c.m.a.controller.AccountController       : Pushing Message
2021-04-15 00:56:31.975  INFO 8040 --- [http-nio-8081-exec-1] o.s.a.r.c.CachingConnectionFactory       : Attempting to connect to: [127.0.0.1:5672]
2021-04-15 00:56:33.360  INFO 8040 --- [http-nio-8081-exec-1] o.s.a.r.c.CachingConnectionFactory       : Created new connection: rabbitConnectionFactory#13d04d3:0/SimpleConnection@9c26e9 [delegate=amqp://guest@127.0.0.1:5672/, localPort= 59126]
2021-04-15 00:56:33.405  INFO 8040 --- [http-nio-8081-exec-1] o.s.amqp.rabbit.core.RabbitAdmin         : Auto-declaring a non-durable, auto-delete, or exclusive Queue (myTestQueue) durable:false, auto-delete:false, exclusive:false. It will be redeclared if the broker stops and is restarted while the connection factory is alive, but all messages will be lost.
2021-04-15 00:56:33.828  INFO 8040 --- [http-nio-8081-exec-1] c.m.a.controller.AccountController       : FEtching from DATA :AccountDetail(accountNumber=CITI123456, description=Saving account, customerId=1, accountType=INDIVIDUAL, openedOn=Sat May 03 00:00:00 IST 2003, openedByBranch=Bajaj Nagar, balance=55555.33)
2021-04-15 00:56:33.831  INFO 8040 --- [http-nio-8081-exec-1] c.m.a.controller.AccountController       : FEtching from LIST DATA :[AccountDetail(accountNumber=CITI123456, description=Saving account, customerId=1, accountType=INDIVIDUAL, openedOn=Sat May 03 00:00:00 IST 2003, openedByBranch=Bajaj Nagar, balance=55555.33), AccountDetail(accountNumber=CITI123457, description=Fixed Deposit, customerId=1, accountType=CERTIFICATE_OF_DEPOSIT, openedOn=Sun Jan 03 00:00:00 IST 2021, openedByBranch=Bajaj Nagar, balance=99999.33)]
2021-04-15 00:56:33.836  INFO 8040 --- [http-nio-8081-exec-1] c.m.a.controller.AccountController       : FEtching from Customer Details DATA :CustomerDetails(customerId=1, name=Lalit Kachhwah, emailId=lalitkkachhwah@gmail.co, dob=Thu Jun 01 00:00:00 IST 1989, gender=MALE, accounts=[AccountDetail(accountNumber=CITI123456, description=Saving account, customerId=1, accountType=INDIVIDUAL, openedOn=Sat May 03 00:00:00 IST 2003, openedByBranch=Bajaj Nagar, balance=55555.33), AccountDetail(accountNumber=CITI123457, description=Fixed Deposit, customerId=1, accountType=CERTIFICATE_OF_DEPOSIT, openedOn=Sun Jan 03 00:00:00 IST 2021, openedByBranch=Bajaj Nagar, balance=99999.33)], transactions=[TrasnsactionDetails(transactionId=T1, customerId=1, accountNumber=CITI123456, transactionType=DEBIT, description=REpayment of loan, trasactionDate=Sat Jan 02 00:00:00 IST 2021, amount=50.33, status=SUCCESS), TrasnsactionDetails(transactionId=T2, customerId=1, accountNumber=CITI123457, transactionType=CREDIT, description=Shopping, trasactionDate=Sat Jan 02 00:00:00 IST 2021, amount=100.33, status=SUCCESS)])
2021-04-15 00:56:33.837  INFO 8040 --- [http-nio-8081-exec-1] c.m.a.controller.AccountController       : INSERT  Customer Details
2021-04-15 00:56:33.840  INFO 8040 --- [http-nio-8081-exec-1] c.m.a.controller.AccountController       : INSERT  Account Details
2021-04-15 00:56:33.843  INFO 8040 --- [http-nio-8081-exec-1] c.m.a.controller.AccountController       : INSERT  Transaction Details
2021-04-15 00:58:39.237  INFO 8040 --- [http-nio-8081-exec-1] c.m.a.controller.AccountController       : Trasaction Started
2021-04-15 00:59:44.997  INFO 8040 --- [http-nio-8081-exec-7] c.m.a.controller.AccountController       : Trasaction Started
2021-04-15 01:01:01.306  INFO 8040 --- [http-nio-8081-exec-3] c.m.a.controller.AccountController       : Trasaction Started
